# JRE version: Java(TM) SE Runtime Environment (8.0_251-b08) (build 1.8.0_251-b08)
# Java VM: Java HotSpot(TM) 64-Bit Server VM (25.251-b08 mixed mode windows-amd64 compressed oops)
Heap:
 PSYoungGen      total 657920K, used 369920K [0x000000076bd80000, 0x0000000799380000, 0x00000007c0000000)
  eden space 572416K, 63% used [0x000000076bd80000,0x000000078210afb8,0x000000078ec80000)
  from space 85504K, 6% used [0x000000078ec80000,0x000000078f2353f0,0x0000000794000000)
  to   space 78848K, 0% used [0x0000000794680000,0x0000000794680000,0x0000000799380000)
 ParOldGen       total 321024K, used 120643K [0x00000006c3800000, 0x00000006d7180000, 0x000000076bd80000)
  object space 321024K, 37% used [0x00000006c3800000,0x00000006cadd0c30,0x00000006d7180000)
 Metaspace       used 96980K, capacity 98968K, committed 99148K, reserved 1136640K
  class space    used 10893K, capacity 11347K, committed 11392K, reserved 1048576K
GC Heap History (10 events):
Event: 102.096 GC heap before
{Heap before GC invocations=25 (full 3):
 PSYoungGen      total 535552K, used 417772K [0x000000076bd80000, 0x0000000795b80000, 0x00000007c0000000)
  eden space 457728K, 79% used [0x000000076bd80000,0x0000000781f8cac8,0x0000000787c80000)
  from space 77824K, 70% used [0x0000000787c80000,0x000000078b26e650,0x000000078c880000)
  to   space 81408K, 0% used [0x0000000790c00000,0x0000000790c00000,0x0000000795b80000)
 ParOldGen       total 321024K, used 169147K [0x00000006c3800000, 0x00000006d7180000, 0x000000076bd80000)
  object space 321024K, 52% used [0x00000006c3800000,0x00000006cdd2ee38,0x00000006d7180000)
 Metaspace       used 96139K, capacity 98188K, committed 98380K, reserved 1136640K
  class space    used 10809K, capacity 11297K, committed 11392K, reserved 1048576K
Event: 102.143 GC heap after
Heap after GC invocations=25 (full 3):
 PSYoungGen      total 599040K, used 57639K [0x000000076bd80000, 0x0000000795d00000, 0x00000007c0000000)
  eden space 517632K, 0% used [0x000000076bd80000,0x000000076bd80000,0x000000078b700000)
  from space 81408K, 70% used [0x0000000790c00000,0x0000000794449e38,0x0000000795b80000)
  to   space 84992K, 0% used [0x000000078b700000,0x000000078b700000,0x0000000790a00000)
 ParOldGen       total 321024K, used 169155K [0x00000006c3800000, 0x00000006d7180000, 0x000000076bd80000)
  object space 321024K, 52% used [0x00000006c3800000,0x00000006cdd30e38,0x00000006d7180000)
 Metaspace       used 96139K, capacity 98188K, committed 98380K, reserved 1136640K
  class space    used 10809K, capacity 11297K, committed 11392K, reserved 1048576K
}
Event: 102.143 GC heap before
{Heap before GC invocations=26 (full 4):
 PSYoungGen      total 599040K, used 57639K [0x000000076bd80000, 0x0000000795d00000, 0x00000007c0000000)
  eden space 517632K, 0% used [0x000000076bd80000,0x000000076bd80000,0x000000078b700000)
  from space 81408K, 70% used [0x0000000790c00000,0x0000000794449e38,0x0000000795b80000)
  to   space 84992K, 0% used [0x000000078b700000,0x000000078b700000,0x0000000790a00000)
 ParOldGen       total 321024K, used 169155K [0x00000006c3800000, 0x00000006d7180000, 0x000000076bd80000)
  object space 321024K, 52% used [0x00000006c3800000,0x00000006cdd30e38,0x00000006d7180000)
 Metaspace       used 96139K, capacity 98188K, committed 98380K, reserved 1136640K
  class space    used 10809K, capacity 11297K, committed 11392K, reserved 1048576K
Event: 102.488 GC heap after
Heap after GC invocations=26 (full 4):
 PSYoungGen      total 599040K, used 0K [0x000000076bd80000, 0x0000000795d00000, 0x00000007c0000000)
  eden space 517632K, 0% used [0x000000076bd80000,0x000000076bd80000,0x000000078b700000)
  from space 81408K, 0% used [0x0000000790c00000,0x0000000790c00000,0x0000000795b80000)
  to   space 84992K, 0% used [0x000000078b700000,0x000000078b700000,0x0000000790a00000)
 ParOldGen       total 321024K, used 120627K [0x00000006c3800000, 0x00000006d7180000, 0x000000076bd80000)
  object space 321024K, 37% used [0x00000006c3800000,0x00000006cadccc30,0x00000006d7180000)
 Metaspace       used 95808K, capacity 97762K, committed 98380K, reserved 1136640K
  class space    used 10775K, capacity 11248K, committed 11392K, reserved 1048576K
}
Event: 117.514 GC heap before
{Heap before GC invocations=27 (full 4):
 PSYoungGen      total 599040K, used 517632K [0x000000076bd80000, 0x0000000795d00000, 0x00000007c0000000)
  eden space 517632K, 100% used [0x000000076bd80000,0x000000078b700000,0x000000078b700000)
  from space 81408K, 0% used [0x0000000790c00000,0x0000000790c00000,0x0000000795b80000)
  to   space 84992K, 0% used [0x000000078b700000,0x000000078b700000,0x0000000790a00000)
 ParOldGen       total 321024K, used 120627K [0x00000006c3800000, 0x00000006d7180000, 0x000000076bd80000)
  object space 321024K, 37% used [0x00000006c3800000,0x00000006cadccc30,0x00000006d7180000)
 Metaspace       used 96965K, capacity 98964K, committed 99148K, reserved 1136640K
  class space    used 10892K, capacity 11347K, committed 11392K, reserved 1048576K
Event: 117.519 GC heap after
Heap after GC invocations=27 (full 4):
 PSYoungGen      total 602624K, used 6161K [0x000000076bd80000, 0x0000000799a00000, 0x00000007c0000000)
  eden space 517632K, 0% used [0x000000076bd80000,0x000000076bd80000,0x000000078b700000)
  from space 84992K, 7% used [0x000000078b700000,0x000000078bd04690,0x0000000790a00000)
  to   space 85504K, 0% used [0x0000000794680000,0x0000000794680000,0x0000000799a00000)
 ParOldGen       total 321024K, used 120635K [0x00000006c3800000, 0x00000006d7180000, 0x000000076bd80000)
  object space 321024K, 37% used [0x00000006c3800000,0x00000006cadcec30,0x00000006d7180000)
 Metaspace       used 96965K, capacity 98964K, committed 99148K, reserved 1136640K
  class space    used 10892K, capacity 11347K, committed 11392K, reserved 1048576K
}
Event: 119.114 GC heap before
{Heap before GC invocations=28 (full 4):
 PSYoungGen      total 602624K, used 523793K [0x000000076bd80000, 0x0000000799a00000, 0x00000007c0000000)
  eden space 517632K, 100% used [0x000000076bd80000,0x000000078b700000,0x000000078b700000)
  from space 84992K, 7% used [0x000000078b700000,0x000000078bd04690,0x0000000790a00000)
  to   space 85504K, 0% used [0x0000000794680000,0x0000000794680000,0x0000000799a00000)
 ParOldGen       total 321024K, used 120635K [0x00000006c3800000, 0x00000006d7180000, 0x000000076bd80000)
  object space 321024K, 37% used [0x00000006c3800000,0x00000006cadcec30,0x00000006d7180000)
 Metaspace       used 96978K, capacity 98968K, committed 99148K, reserved 1136640K
  class space    used 10893K, capacity 11347K, committed 11392K, reserved 1048576K
Event: 119.118 GC heap after
Heap after GC invocations=28 (full 4):
 PSYoungGen      total 651264K, used 5104K [0x000000076bd80000, 0x0000000799380000, 0x00000007c0000000)
  eden space 572416K, 0% used [0x000000076bd80000,0x000000076bd80000,0x000000078ec80000)
  from space 78848K, 6% used [0x0000000794680000,0x0000000794b7c230,0x0000000799380000)
  to   space 85504K, 0% used [0x000000078ec80000,0x000000078ec80000,0x0000000794000000)
 ParOldGen       total 321024K, used 120635K [0x00000006c3800000, 0x00000006d7180000, 0x000000076bd80000)
  object space 321024K, 37% used [0x00000006c3800000,0x00000006cadcec30,0x00000006d7180000)
 Metaspace       used 96978K, capacity 98968K, committed 99148K, reserved 1136640K
  class space    used 10893K, capacity 11347K, committed 11392K, reserved 1048576K
}
Event: 121.588 GC heap before
{Heap before GC invocations=29 (full 4):
 PSYoungGen      total 651264K, used 577520K [0x000000076bd80000, 0x0000000799380000, 0x00000007c0000000)
  eden space 572416K, 100% used [0x000000076bd80000,0x000000078ec80000,0x000000078ec80000)
  from space 78848K, 6% used [0x0000000794680000,0x0000000794b7c230,0x0000000799380000)
  to   space 85504K, 0% used [0x000000078ec80000,0x000000078ec80000,0x0000000794000000)
 ParOldGen       total 321024K, used 120635K [0x00000006c3800000, 0x00000006d7180000, 0x000000076bd80000)
  object space 321024K, 37% used [0x00000006c3800000,0x00000006cadcec30,0x00000006d7180000)
 Metaspace       used 96979K, capacity 98968K, committed 99148K, reserved 1136640K
  class space    used 10893K, capacity 11347K, committed 11392K, reserved 1048576K
Event: 121.592 GC heap after
Heap after GC invocations=29 (full 4):
 PSYoungGen      total 657920K, used 5844K [0x000000076bd80000, 0x0000000799380000, 0x00000007c0000000)
  eden space 572416K, 0% used [0x000000076bd80000,0x000000076bd80000,0x000000078ec80000)
  from space 85504K, 6% used [0x000000078ec80000,0x000000078f2353f0,0x0000000794000000)
  to   space 78848K, 0% used [0x0000000794680000,0x0000000794680000,0x0000000799380000)
 ParOldGen       total 321024K, used 120643K [0x00000006c3800000, 0x00000006d7180000, 0x000000076bd80000)
  object space 321024K, 37% used [0x00000006c3800000,0x00000006cadd0c30,0x00000006d7180000)
 Metaspace       used 96979K, capacity 98968K, committed 99148K, reserved 1136640K
  class space    used 10893K, capacity 11347K, committed 11392K, reserved 1048576K
}

