# JRE version: Java(TM) SE Runtime Environment (8.0_251-b08) (build 1.8.0_251-b08)
# Java VM: Java HotSpot(TM) 64-Bit Server VM (25.251-b08 mixed mode windows-amd64 compressed oops)
Heap:
 PSYoungGen      total 566784K, used 410037K [0x000000076bd80000, 0x0000000796a80000, 0x00000007c0000000)
  eden space 448000K, 67% used [0x000000076bd80000,0x000000077e6a8c20,0x0000000787300000)
  from space 118784K, 89% used [0x000000078f680000,0x0000000795dc4820,0x0000000796a80000)
  to   space 109568K, 0% used [0x0000000787300000,0x0000000787300000,0x000000078de00000)
 ParOldGen       total 522240K, used 120444K [0x00000006c3800000, 0x00000006e3600000, 0x000000076bd80000)
  object space 522240K, 23% used [0x00000006c3800000,0x00000006cad9f230,0x00000006e3600000)
 Metaspace       used 97244K, capacity 99390K, committed 99840K, reserved 1138688K
  class space    used 10950K, capacity 11404K, committed 11520K, reserved 1048576K
GC Heap History (10 events):
Event: 93.950 GC heap before
{Heap before GC invocations=26 (full 4):
 PSYoungGen      total 522752K, used 402816K [0x000000076bd80000, 0x0000000794c00000, 0x00000007c0000000)
  eden space 401408K, 100% used [0x000000076bd80000,0x0000000784580000,0x0000000784580000)
  from space 121344K, 1% used [0x0000000784580000,0x00000007846e0000,0x000000078bc00000)
  to   space 119808K, 0% used [0x000000078d700000,0x000000078d700000,0x0000000794c00000)
 ParOldGen       total 522240K, used 120420K [0x00000006c3800000, 0x00000006e3600000, 0x000000076bd80000)
  object space 522240K, 23% used [0x00000006c3800000,0x00000006cad99230,0x00000006e3600000)
 Metaspace       used 96568K, capacity 98512K, committed 98860K, reserved 1136640K
  class space    used 10907K, capacity 11345K, committed 11392K, reserved 1048576K
Event: 93.953 GC heap after
Heap after GC invocations=26 (full 4):
 PSYoungGen      total 540160K, used 992K [0x000000076bd80000, 0x0000000794480000, 0x00000007c0000000)
  eden space 428032K, 0% used [0x000000076bd80000,0x000000076bd80000,0x0000000785f80000)
  from space 112128K, 0% used [0x000000078d700000,0x000000078d7f8000,0x0000000794480000)
  to   space 117248K, 0% used [0x0000000785f80000,0x0000000785f80000,0x000000078d200000)
 ParOldGen       total 522240K, used 120420K [0x00000006c3800000, 0x00000006e3600000, 0x000000076bd80000)
  object space 522240K, 23% used [0x00000006c3800000,0x00000006cad99230,0x00000006e3600000)
 Metaspace       used 96568K, capacity 98512K, committed 98860K, reserved 1136640K
  class space    used 10907K, capacity 11345K, committed 11392K, reserved 1048576K
}
Event: 96.154 GC heap before
{Heap before GC invocations=27 (full 4):
 PSYoungGen      total 540160K, used 429024K [0x000000076bd80000, 0x0000000794480000, 0x00000007c0000000)
  eden space 428032K, 100% used [0x000000076bd80000,0x0000000785f80000,0x0000000785f80000)
  from space 112128K, 0% used [0x000000078d700000,0x000000078d7f8000,0x0000000794480000)
  to   space 117248K, 0% used [0x0000000785f80000,0x0000000785f80000,0x000000078d200000)
 ParOldGen       total 522240K, used 120420K [0x00000006c3800000, 0x00000006e3600000, 0x000000076bd80000)
  object space 522240K, 23% used [0x00000006c3800000,0x00000006cad99230,0x00000006e3600000)
 Metaspace       used 96667K, capacity 98576K, committed 98860K, reserved 1136640K
  class space    used 10909K, capacity 11345K, committed 11392K, reserved 1048576K
Event: 96.156 GC heap after
Heap after GC invocations=27 (full 4):
 PSYoungGen      total 545280K, used 1728K [0x000000076bd80000, 0x0000000795580000, 0x00000007c0000000)
  eden space 428032K, 0% used [0x000000076bd80000,0x000000076bd80000,0x0000000785f80000)
  from space 117248K, 1% used [0x0000000785f80000,0x0000000786130000,0x000000078d200000)
  to   space 113664K, 0% used [0x000000078e680000,0x000000078e680000,0x0000000795580000)
 ParOldGen       total 522240K, used 120428K [0x00000006c3800000, 0x00000006e3600000, 0x000000076bd80000)
  object space 522240K, 23% used [0x00000006c3800000,0x00000006cad9b230,0x00000006e3600000)
 Metaspace       used 96667K, capacity 98576K, committed 98860K, reserved 1136640K
  class space    used 10909K, capacity 11345K, committed 11392K, reserved 1048576K
}
Event: 105.598 GC heap before
{Heap before GC invocations=28 (full 4):
 PSYoungGen      total 545280K, used 429760K [0x000000076bd80000, 0x0000000795580000, 0x00000007c0000000)
  eden space 428032K, 100% used [0x000000076bd80000,0x0000000785f80000,0x0000000785f80000)
  from space 117248K, 1% used [0x0000000785f80000,0x0000000786130000,0x000000078d200000)
  to   space 113664K, 0% used [0x000000078e680000,0x000000078e680000,0x0000000795580000)
 ParOldGen       total 522240K, used 120428K [0x00000006c3800000, 0x00000006e3600000, 0x000000076bd80000)
  object space 522240K, 23% used [0x00000006c3800000,0x00000006cad9b230,0x00000006e3600000)
 Metaspace       used 96717K, capacity 98722K, committed 99116K, reserved 1136640K
  class space    used 10911K, capacity 11348K, committed 11392K, reserved 1048576K
Event: 105.602 GC heap after
Heap after GC invocations=28 (full 4):
 PSYoungGen      total 548864K, used 4725K [0x000000076bd80000, 0x0000000794900000, 0x00000007c0000000)
  eden space 448000K, 0% used [0x000000076bd80000,0x000000076bd80000,0x0000000787300000)
  from space 100864K, 4% used [0x000000078e680000,0x000000078eb1d578,0x0000000794900000)
  to   space 109568K, 0% used [0x0000000787300000,0x0000000787300000,0x000000078de00000)
 ParOldGen       total 522240K, used 120436K [0x00000006c3800000, 0x00000006e3600000, 0x000000076bd80000)
  object space 522240K, 23% used [0x00000006c3800000,0x00000006cad9d230,0x00000006e3600000)
 Metaspace       used 96717K, capacity 98722K, committed 99116K, reserved 1136640K
  class space    used 10911K, capacity 11348K, committed 11392K, reserved 1048576K
}
Event: 120.666 GC heap before
{Heap before GC invocations=29 (full 4):
 PSYoungGen      total 548864K, used 452725K [0x000000076bd80000, 0x0000000794900000, 0x00000007c0000000)
  eden space 448000K, 100% used [0x000000076bd80000,0x0000000787300000,0x0000000787300000)
  from space 100864K, 4% used [0x000000078e680000,0x000000078eb1d578,0x0000000794900000)
  to   space 109568K, 0% used [0x0000000787300000,0x0000000787300000,0x000000078de00000)
 ParOldGen       total 522240K, used 120436K [0x00000006c3800000, 0x00000006e3600000, 0x000000076bd80000)
  object space 522240K, 23% used [0x00000006c3800000,0x00000006cad9d230,0x00000006e3600000)
 Metaspace       used 96727K, capacity 98722K, committed 99116K, reserved 1136640K
  class space    used 10911K, capacity 11348K, committed 11392K, reserved 1048576K
Event: 120.696 GC heap after
Heap after GC invocations=29 (full 4):
 PSYoungGen      total 557568K, used 73697K [0x000000076bd80000, 0x0000000796a80000, 0x00000007c0000000)
  eden space 448000K, 0% used [0x000000076bd80000,0x000000076bd80000,0x0000000787300000)
  from space 109568K, 67% used [0x0000000787300000,0x000000078baf8610,0x000000078de00000)
  to   space 118784K, 0% used [0x000000078f680000,0x000000078f680000,0x0000000796a80000)
 ParOldGen       total 522240K, used 120436K [0x00000006c3800000, 0x00000006e3600000, 0x000000076bd80000)
  object space 522240K, 23% used [0x00000006c3800000,0x00000006cad9d230,0x00000006e3600000)
 Metaspace       used 96727K, capacity 98722K, committed 99116K, reserved 1136640K
  class space    used 10911K, capacity 11348K, committed 11392K, reserved 1048576K
}
Event: 133.779 GC heap before
{Heap before GC invocations=30 (full 4):
 PSYoungGen      total 557568K, used 521697K [0x000000076bd80000, 0x0000000796a80000, 0x00000007c0000000)
  eden space 448000K, 100% used [0x000000076bd80000,0x0000000787300000,0x0000000787300000)
  from space 109568K, 67% used [0x0000000787300000,0x000000078baf8610,0x000000078de00000)
  to   space 118784K, 0% used [0x000000078f680000,0x000000078f680000,0x0000000796a80000)
 ParOldGen       total 522240K, used 120436K [0x00000006c3800000, 0x00000006e3600000, 0x000000076bd80000)
  object space 522240K, 23% used [0x00000006c3800000,0x00000006cad9d230,0x00000006e3600000)
 Metaspace       used 97176K, capacity 99326K, committed 99584K, reserved 1136640K
  class space    used 10948K, capacity 11404K, committed 11520K, reserved 1048576K
Event: 133.840 GC heap after
Heap after GC invocations=30 (full 4):
 PSYoungGen      total 566784K, used 105746K [0x000000076bd80000, 0x0000000796a80000, 0x00000007c0000000)
  eden space 448000K, 0% used [0x000000076bd80000,0x000000076bd80000,0x0000000787300000)
  from space 118784K, 89% used [0x000000078f680000,0x0000000795dc4820,0x0000000796a80000)
  to   space 109568K, 0% used [0x0000000787300000,0x0000000787300000,0x000000078de00000)
 ParOldGen       total 522240K, used 120444K [0x00000006c3800000, 0x00000006e3600000, 0x000000076bd80000)
  object space 522240K, 23% used [0x00000006c3800000,0x00000006cad9f230,0x00000006e3600000)
 Metaspace       used 97176K, capacity 99326K, committed 99584K, reserved 1136640K
  class space    used 10948K, capacity 11404K, committed 11520K, reserved 1048576K
}

